Uploading file: index.html (size: 17092 bytes)
Upload timeout: 2m0s
File uploaded successfully!
CDN URL: https://files.manuscdn.com/user_upload_by_module/session_file/310519663456327815/hCFyNlqaHRdMfGBK.html
Uploading file: about.html (size: 8414 bytes)
Upload timeout: 2m0s
File uploaded successfully!
CDN URL: https://files.manuscdn.com/user_upload_by_module/session_file/310519663456327815/fFGWbUVNeHGNjmkB.html
Uploading file: tourism.html (size: 9721 bytes)
Upload timeout: 2m0s
File uploaded successfully!
CDN URL: https://files.manuscdn.com/user_upload_by_module/session_file/310519663456327815/xARSNvovsIYzvVTQ.html
Uploading file: diving.html (size: 8221 bytes)
Upload timeout: 2m0s
File uploaded successfully!
CDN URL: https://files.manuscdn.com/user_upload_by_module/session_file/310519663456327815/yRUmMgzCOyRNdIYI.html
Uploading file: history.html (size: 11726 bytes)
Upload timeout: 2m0s
File uploaded successfully!
CDN URL: https://files.manuscdn.com/user_upload_by_module/session_file/310519663456327815/dfGeYUxpJeEVYeDa.html
Uploading file: hotels.html (size: 10900 bytes)
Upload timeout: 2m0s
File uploaded successfully!
CDN URL: https://files.manuscdn.com/user_upload_by_module/session_file/310519663456327815/cwVlZNjwaRmXoihm.html
Uploading file: food.html (size: 10226 bytes)
Upload timeout: 2m0s
File uploaded successfully!
CDN URL: https://files.manuscdn.com/user_upload_by_module/session_file/310519663456327815/tpnaFcMoBeZAezsJ.html
Uploading file: gallery.html (size: 12785 bytes)
Upload timeout: 2m0s
File uploaded successfully!
CDN URL: https://files.manuscdn.com/user_upload_by_module/session_file/310519663456327815/FrjqpeUPSoObmiof.html
Uploading file: ai.html (size: 22106 bytes)
Upload timeout: 2m0s
File uploaded successfully!
CDN URL: https://files.manuscdn.com/user_upload_by_module/session_file/310519663456327815/mxAXVJUdZQvrhHuj.html
Uploading file: css/style.css (size: 26800 bytes)
Upload timeout: 2m0s
File uploaded successfully!
CDN URL: https://files.manuscdn.com/user_upload_by_module/session_file/310519663456327815/MqodgjmWeHcDdnYm.css
Uploading file: js/main.js (size: 1935 bytes)
Upload timeout: 2m0s
File uploaded successfully!
CDN URL: https://files.manuscdn.com/user_upload_by_module/session_file/310519663456327815/QOskCtJPDGUFMSQB.js

========== Upload Summary ==========
[SUCCESS] index.html -> https://files.manuscdn.com/user_upload_by_module/session_file/310519663456327815/hCFyNlqaHRdMfGBK.html
[SUCCESS] about.html -> https://files.manuscdn.com/user_upload_by_module/session_file/310519663456327815/fFGWbUVNeHGNjmkB.html
[SUCCESS] tourism.html -> https://files.manuscdn.com/user_upload_by_module/session_file/310519663456327815/xARSNvovsIYzvVTQ.html
[SUCCESS] diving.html -> https://files.manuscdn.com/user_upload_by_module/session_file/310519663456327815/yRUmMgzCOyRNdIYI.html
[SUCCESS] history.html -> https://files.manuscdn.com/user_upload_by_module/session_file/310519663456327815/dfGeYUxpJeEVYeDa.html
[SUCCESS] hotels.html -> https://files.manuscdn.com/user_upload_by_module/session_file/310519663456327815/cwVlZNjwaRmXoihm.html
[SUCCESS] food.html -> https://files.manuscdn.com/user_upload_by_module/session_file/310519663456327815/tpnaFcMoBeZAezsJ.html
[SUCCESS] gallery.html -> https://files.manuscdn.com/user_upload_by_module/session_file/310519663456327815/FrjqpeUPSoObmiof.html
[SUCCESS] ai.html -> https://files.manuscdn.com/user_upload_by_module/session_file/310519663456327815/mxAXVJUdZQvrhHuj.html
[SUCCESS] css/style.css -> https://files.manuscdn.com/user_upload_by_module/session_file/310519663456327815/MqodgjmWeHcDdnYm.css
[SUCCESS] js/main.js -> https://files.manuscdn.com/user_upload_by_module/session_file/310519663456327815/QOskCtJPDGUFMSQB.js
=====================================
Total: 11, Success: 11, Failed: 0
